[2025-04-28 09:07:30] [ERROR] Array to string conversion
[2025-04-28 09:07:30] [ERROR] File: D:\AhadUlAmin\xampp\htdocs\CoreXPHP\app\views\alpha-theme\leads\leadsAll.php Line: 67
[2025-04-28 09:07:30] [ERROR] Trace: #0 D:\AhadUlAmin\xampp\htdocs\CoreXPHP\app\views\alpha-theme\leads\leadsAll.php(67): App->handleError(2, 'Array to string...', 'D:\\AhadUlAmin\\x...', 67)
#1 D:\AhadUlAmin\xampp\htdocs\CoreXPHP\app\core\View.php(26): include('D:\\AhadUlAmin\\x...')
#2 D:\AhadUlAmin\xampp\htdocs\CoreXPHP\app\core\View.php(7): View->renderView('leads/leadsAll', Array)
#3 D:\AhadUlAmin\xampp\htdocs\CoreXPHP\app\core\View.php(48): View->render('leads/leadsAll', Array, true)
#4 D:\AhadUlAmin\xampp\htdocs\CoreXPHP\app\core\Controller.php(21): View->renderAdmin('leads/leadsAll', Array)
#5 D:\AhadUlAmin\xampp\htdocs\CoreXPHP\app\controllers\LeadsController.php(14): Controller->adminView('leads/leadsAll', Array)
#6 [internal function]: LeadsController->leadIndex()
#7 D:\AhadUlAmin\xampp\htdocs\CoreXPHP\app\core\Router.php(156): ReflectionMethod->invokeArgs(Object(LeadsController), Array)
#8 D:\AhadUlAmin\xampp\htdocs\CoreXPHP\app\core\Router.php(88): Router->invokeControllerMethod(Object(LeadsController), 'leadIndex', Array)
#9 D:\AhadUlAmin\xampp\htdocs\CoreXPHP\app\core\Router.php(109): Router->{closure}(Object(Request))
#10 D:\AhadUlAmin\xampp\htdocs\CoreXPHP\app\core\App.php(57): Router->resolve()
#11 D:\AhadUlAmin\xampp\htdocs\CoreXPHP\public\index.php(24): App->run()
#12 {main}
[2025-04-28 11:53:55] [ERROR] Undefined array key "userRole"
[2025-04-28 11:53:55] [ERROR] File: D:\AhadUlAmin\xampp\htdocs\CoreXPHP\app\controllers\AuthController.php Line: 14
[2025-04-28 11:53:55] [ERROR] Trace: #0 D:\AhadUlAmin\xampp\htdocs\CoreXPHP\app\controllers\AuthController.php(14): App->handleError(2, 'Undefined array...', 'D:\\AhadUlAmin\\x...', 14)
#1 D:\AhadUlAmin\xampp\htdocs\CoreXPHP\app\core\Router.php(87): AuthController->__construct()
#2 D:\AhadUlAmin\xampp\htdocs\CoreXPHP\app\core\Router.php(109): Router->{closure}(Object(Request))
#3 D:\AhadUlAmin\xampp\htdocs\CoreXPHP\app\core\App.php(57): Router->resolve()
#4 D:\AhadUlAmin\xampp\htdocs\CoreXPHP\public\index.php(24): App->run()
#5 {main}
[2025-04-28 11:54:49] [ERROR] Undefined array key "userRole"
[2025-04-28 11:54:49] [ERROR] File: D:\AhadUlAmin\xampp\htdocs\CoreXPHP\app\controllers\AuthController.php Line: 14
[2025-04-28 11:54:49] [ERROR] Trace: #0 D:\AhadUlAmin\xampp\htdocs\CoreXPHP\app\controllers\AuthController.php(14): App->handleError(2, 'Undefined array...', 'D:\\AhadUlAmin\\x...', 14)
#1 D:\AhadUlAmin\xampp\htdocs\CoreXPHP\app\core\Router.php(87): AuthController->__construct()
#2 D:\AhadUlAmin\xampp\htdocs\CoreXPHP\app\core\Router.php(109): Router->{closure}(Object(Request))
#3 D:\AhadUlAmin\xampp\htdocs\CoreXPHP\app\core\App.php(57): Router->resolve()
#4 D:\AhadUlAmin\xampp\htdocs\CoreXPHP\public\index.php(24): App->run()
#5 {main}
[2025-04-29 16:41:39] [ERROR] Call to a member function prepare() on null
[2025-04-29 16:41:39] [ERROR] File: D:\xampp\htdocs\CoreXPHP\app\core\QueryBuilder.php Line: 194
[2025-04-29 16:41:39] [ERROR] Trace: #0 D:\xampp\htdocs\CoreXPHP\app\core\QueryBuilder.php(205): QueryBuilder->get()
#1 D:\xampp\htdocs\CoreXPHP\app\core\Model.php(89): QueryBuilder->first()
#2 D:\xampp\htdocs\CoreXPHP\app\controllers\HomeController.php(11): Model->find(4)
#3 [internal function]: HomeController->index()
#4 D:\xampp\htdocs\CoreXPHP\app\core\Router.php(156): ReflectionMethod->invokeArgs(Object(HomeController), Array)
#5 D:\xampp\htdocs\CoreXPHP\app\core\Router.php(88): Router->invokeControllerMethod(Object(HomeController), 'index', Array)
#6 D:\xampp\htdocs\CoreXPHP\app\core\Router.php(109): Router->{closure}(Object(Request))
#7 D:\xampp\htdocs\CoreXPHP\app\core\App.php(57): Router->resolve()
#8 D:\xampp\htdocs\CoreXPHP\public\index.php(24): App->run()
#9 {main}
